Environment variables:
  - =::=::\
  - ALLUSERSPROFILE=C:\ProgramData
  - ANT_HOME=c:\apache-ant-1.9.4
  - APPDATA=C:\Users\mykhailo.brodskyi\AppData\Roaming
  - CLASSPATH=c:\Program Files\Java\jdk1.8.0_65\lib
  - COMPUTERNAME=HRK1-LHP-F49229
  - ComSpec=C:\Windows\system32\cmd.exe
  - CommonProgramFiles=C:\Program Files\Common Files
  - CommonProgramFiles(x86)=C:\Program Files (x86)\Common Files
  - CommonProgramW6432=C:\Program Files\Common Files
  - FP_NO_HOST_CHECK=NO
  - HOMEDRIVE=C:
  - HOMEPATH=\Users\mykhailo.brodskyi
  - JAVA_HOME=c:\Program Files\Java\jdk1.8.0_65
  - JAVA_HOME_3=c:\Program Files\Java\jdk1.6.0_27
  - LOCALAPPDATA=C:\Users\mykhailo.brodskyi\AppData\Local
  - LOGONSERVER=\\DC
  - M2=c:\Program Files\Apache Software Foundation\apache-maven-3.2.2\\bin
  - M2_HOME=c:\Program Files\Apache Software Foundation\apache-maven-3.2.2\
  - MAVEN_OPTS=-Xms256m -Xmx512m
  - MongoDB/bin=c:\Program Files\MongoDB\Server\3.2\bin\
  - NUMBER_OF_PROCESSORS=4
  - OS=Windows_NT
  - PATHEXT=.COM;.EXE;.BAT;.CMD;.VBS;.VBE;.JS;.JSE;.WSF;.WSH;.MSC
  - PROCESSOR_ARCHITECTURE=AMD64
  - PROCESSOR_IDENTIFIER=Intel64 Family 6 Model 60 Stepping 3, GenuineIntel
  - PROCESSOR_LEVEL=6
  - PROCESSOR_REVISION=3c03
  - PSModulePath=C:\Windows\system32\WindowsPowerShell\v1.0\Modules\;C:\Program Files\VisualSVN Server\PowerShellModules
  - PUBLIC=C:\Users\Public
  - Path=C:\Perl64\site\bin;C:\Perl64\bin;C:\Ruby200\bin;C:\Windows\system32;C:\Windows;C:\Windows\System32\Wbem;C:\Windows\System32\WindowsPowerShell\v1.0\;C:\Program Files (x86)\Git\cmd;C:\Program Files (x86)\Git\bin;C:\Program Files (x86)\Git\bin;C:\Program Files (x86)\Git\cmd;c:\Program Files\Apache Software Foundation\apache-maven-3.2.2\bin;C:\Program Files\nodejs\;C:\Program Files\Microsoft Windows Performance Toolkit\;d:\IPC\RTC-scmTools-Win-5.0\jazz\scmtools\eclipse;C:\Program Files (x86)\scala\bin;C:\Program Files (x86)\Skype\Phone\;c:\Program Files\Java\jdk1.8.0_65\bin;C:\Program Files (x86)\QuickTime\QTSystem\;C:\Program Files\VisualSVN Server\bin;d:\sonar\sonarqube-6.0\bin\windows-x86-64;C:\Program Files\Gradle\gradle-3.1\bin;C:\Users\mykhailo.brodskyi\AppData\Roaming\npm; C:\Perl64\site\bin;C:\Perl64\bin;C:\Ruby200\bin;C:\Windows\system32;C:\Windows;C:\Windows\System32\Wbem;C:\Windows\System32\WindowsPowerShell\v1.0\;C:\Program Files (x86)\Git\cmd;C:\Program Files (x86)\Git\bin;C:\Program Files (x86)\Git\bin;C:\Program Files (x86)\Git\cmd;c:\Program Files\Apache Software Foundation\apache-maven-3.2.2\bin;C:\Program Files\nodejs\;C:\Program Files\Microsoft Windows Performance Toolkit\;d:\IPC\RTC-scmTools-Win-5.0\jazz\scmtools\eclipse;C:\Program Files (x86)\scala\bin;C:\Program Files (x86)\Skype\Phone\;c:\Program Files\Java\jdk1.8.0_65\bin;C:\Program Files (x86)\QuickTime\QTSystem\;C:\Program Files\VisualSVN Server\bin;d:\sonar\sonarqube-6.0\bin\windows-x86-64;C:\Program Files\Gradle\gradle-3.1\bin;;c:\apache-ant-1.9.4\bin;c:\Program Files\Java\jdk1.8.0_65\bin;d:\sonar\sonarqube-6.0\bin\windows-x86-64;C:\Program Files\Gradle\gradle-3.1\bin;
  - ProgramData=C:\ProgramData
  - ProgramFiles=C:\Program Files
  - ProgramFiles(x86)=C:\Program Files (x86)
  - ProgramW6432=C:\Program Files
  - RESDIR=d:\IPC\QA\TestResults
  - SCALA_HOME=c:\Program Files (x86)\scala\
  - SESSIONNAME=Console
  - SONAR_RUNNER_HOME=d:\sonar\sonar-runner-2.4\bin\
  - SystemDrive=C:
  - SystemRoot=C:\Windows
  - TEMP=C:\Users\MYKHAI~1.BRO\AppData\Local\Temp
  - TMP=C:\Users\MYKHAI~1.BRO\AppData\Local\Temp
  - USERDNSDOMAIN=SYNAPSE.COM
  - USERDOMAIN=SYNAPSE
  - USERNAME=mykhailo.brodskyi
  - USERPROFILE=C:\Users\mykhailo.brodskyi
  - VBOX_MSI_INSTALL_PATH=D:\Program Files\Oracle\VirtualBox\
  - VISUALSVN_SERVER=C:\Program Files\VisualSVN Server\
  - VS100COMNTOOLS=C:\Program Files (x86)\Microsoft Visual Studio 10.0\Common7\Tools\
  - asl.log=Destination=file
  - windir=C:\Windows
  - windows_tracing_flags=3
  - windows_tracing_logfile=C:\BVTBin\Tests\installpackage\csilogfile.log
System properties:
  - __idea.mac.env.lock=unlocked
  - apple.awt.UIElement=true
  - awt.toolkit=sun.awt.windows.WToolkit
  - file.encoding=Cp1251
  - file.encoding.pkg=sun.io
  - file.separator=\
  - http.keepAlive=true
  - idea.cycle.buffer.size=1024
  - idea.dynamic.classpath=false
  - idea.fatal.error.notification=disabled
  - idea.jre.check=true
  - idea.max.intellisense.filesize=2500
  - idea.no.launcher=false
  - idea.paths.selector=IntelliJIdea2016.2
  - idea.popup.weight=heavy
  - idea.registered=false
  - idea.use.default.antialiasing.in.editor=false
  - idea.xdebug.key=-Xdebug
  - io.netty.machineId=9e43d860
  - io.netty.processId=6994
  - io.netty.serviceThreadPrefix=Netty 
  - java.awt.graphicsenv=sun.awt.Win32GraphicsEnvironment
  - java.awt.printerjob=sun.awt.windows.WPrinterJob
  - java.class.path=C:\Users\mykhailo.brodskyi\.gradle\wrapper\dists\gradle-2.0-all\evtta6k9rngqxp6sxbf6unsdw\gradle-2.0\lib\gradle-launcher-2.0.jar
  - java.class.version=52.0
  - java.endorsed.dirs=c:\Program Files\Java\jdk1.8.0_65\jre\lib\endorsed
  - java.ext.dirs=C:\Program Files\Java\jdk1.8.0_65\jre\lib\ext;C:\Windows\Sun\Java\lib\ext
  - java.home=C:\Program Files\Java\jdk1.8.0_65\jre
  - java.io.tmpdir=C:\Users\MYKHAI~1.BRO\AppData\Local\Temp\
  - java.library.path=C:\Program Files\Java\jdk1.8.0_65\bin;C:\Windows\Sun\Java\bin;C:\Windows\system32;C:\Windows;C:\Perl64\site\bin;C:\Perl64\bin;C:\Ruby200\bin;C:\Windows\system32;C:\Windows;C:\Windows\System32\Wbem;C:\Windows\System32\WindowsPowerShell\v1.0\;C:\Program Files (x86)\Git\cmd;C:\Program Files (x86)\Git\bin;C:\Program Files (x86)\Git\bin;C:\Program Files (x86)\Git\cmd;c:\Program Files\Apache Software Foundation\apache-maven-3.2.2\bin;C:\Program Files\nodejs\;C:\Program Files\Microsoft Windows Performance Toolkit\;d:\IPC\RTC-scmTools-Win-5.0\jazz\scmtools\eclipse;C:\Program Files (x86)\scala\bin;C:\Program Files (x86)\Skype\Phone\;c:\Program Files\Java\jdk1.8.0_65\bin;C:\Program Files (x86)\QuickTime\QTSystem\;C:\Program Files\VisualSVN Server\bin;d:\sonar\sonarqube-6.0\bin\windows-x86-64;C:\Program Files\Gradle\gradle-3.1\bin;C:\Users\mykhailo.brodskyi\AppData\Roaming\npm; C:\Perl64\site\bin;C:\Perl64\bin;C:\Ruby200\bin;C:\Windows\system32;C:\Windows;C:\Windows\System32\Wbem;C:\Windows\System32\WindowsPowerShell\v1.0\;C:\Program Files (x86)\Git\cmd;C:\Program Files (x86)\Git\bin;C:\Program Files (x86)\Git\bin;C:\Program Files (x86)\Git\cmd;c:\Program Files\Apache Software Foundation\apache-maven-3.2.2\bin;C:\Program Files\nodejs\;C:\Program Files\Microsoft Windows Performance Toolkit\;d:\IPC\RTC-scmTools-Win-5.0\jazz\scmtools\eclipse;C:\Program Files (x86)\scala\bin;C:\Program Files (x86)\Skype\Phone\;c:\Program Files\Java\jdk1.8.0_65\bin;C:\Program Files (x86)\QuickTime\QTSystem\;C:\Program Files\VisualSVN Server\bin;d:\sonar\sonarqube-6.0\bin\windows-x86-64;C:\Program Files\Gradle\gradle-3.1\bin;;c:\apache-ant-1.9.4\bin;c:\Program Files\Java\jdk1.8.0_65\bin;d:\sonar\sonarqube-6.0\bin\windows-x86-64;C:\Program Files\Gradle\gradle-3.1\bin;;.
  - java.net.preferIPv4Stack=true
  - java.rmi.server.disableHttp=true
  - java.rmi.server.hostname=localhost
  - java.runtime.name=Java(TM) SE Runtime Environment
  - java.runtime.version=1.8.0_65-b17
  - java.specification.name=Java Platform API Specification
  - java.specification.vendor=Oracle Corporation
  - java.specification.version=1.8
  - java.util.concurrent.ForkJoinPool.common.parallelism=4
  - java.util.concurrent.ForkJoinPool.common.threadFactory=com.intellij.concurrency.IdeaForkJoinWorkerThreadFactory
  - java.vendor=Oracle Corporation
  - java.vendor.url=http://java.oracle.com/
  - java.vendor.url.bug=http://bugreport.sun.com/bugreport/
  - java.version=1.8.0_65
  - java.vm.info=mixed mode
  - java.vm.name=Java HotSpot(TM) 64-Bit Server VM
  - java.vm.specification.name=Java Virtual Machine Specification
  - java.vm.specification.vendor=Oracle Corporation
  - java.vm.specification.version=1.8
  - java.vm.vendor=Oracle Corporation
  - java.vm.version=25.65-b01
  - jb.vmOptionsFile=C:\Program Files (x86)\JetBrains\IntelliJ IDEA 2016.2.4\bin\idea64.exe.vmoptions
  - jna.nosys=true
  - jna.tmpdir=C:\Users\mykhailo.brodskyi\.IntelliJIdea2016.2\system\tmp
  - jnidispatch.path=C:\Users\mykhailo.brodskyi\.IntelliJIdea2016.2\system\tmp\jna4574982962909248399.dll
  - line.separator=

  - log4j.defaultInitOverride=true
  - os.arch=amd64
  - os.name=Windows 7
  - os.version=6.1
  - path.separator=;
  - sun.arch.data.model=64
  - sun.boot.class.path=C:\Program Files\Java\jdk1.8.0_65\jre\lib\resources.jar;C:\Program Files\Java\jdk1.8.0_65\jre\lib\rt.jar;C:\Program Files\Java\jdk1.8.0_65\jre\lib\sunrsasign.jar;C:\Program Files\Java\jdk1.8.0_65\jre\lib\jsse.jar;C:\Program Files\Java\jdk1.8.0_65\jre\lib\jce.jar;C:\Program Files\Java\jdk1.8.0_65\jre\lib\charsets.jar;C:\Program Files\Java\jdk1.8.0_65\jre\lib\jfr.jar;C:\Program Files\Java\jdk1.8.0_65\jre\classes
  - sun.boot.library.path=C:\Program Files\Java\jdk1.8.0_65\jre\bin
  - sun.cpu.endian=little
  - sun.cpu.isalist=amd64
  - sun.desktop=windows
  - sun.io.unicode.encoding=UnicodeLittle
  - sun.java.command=org.gradle.launcher.daemon.bootstrap.GradleDaemon 2.0 C:\Users\mykhailo.brodskyi\.gradle\daemon 60000 c9d3cdaf-98a2-4a77-ba27-0e0da7e950a3 -XX:MaxPermSize=256m -XX:+HeapDumpOnOutOfMemoryError -Xmx1024m -Dfile.encoding=windows-1251
  - sun.java.launcher=SUN_STANDARD
  - sun.jnu.encoding=Cp1251
  - sun.management.compiler=HotSpot 64-Bit Tiered Compilers
  - sun.os.patch.level=Service Pack 1
  - swing.bufferPerWindow=false
  - user.country=US
  - user.dir=D:\development\workspaceIdea\SVN\SonarTest
  - user.home=C:\Users\mykhailo.brodskyi
  - user.language=en
  - user.name=mykhailo.brodskyi
  - user.script=
  - user.timezone=Europe/Helsinki
  - user.variant=
  - winp.unpack.dll.to.parent.dir=false
SonarQube plugins:
  - C# 5.3.1 (csharp)
  - Java 4.0 (java)
  - Git 1.2 (scmgit)
  - XML 1.4.1 (xml)
  - Xanitizer 1.3.4 (xanitizer)
  - SVN 1.3 (scmsvn)
  - JavaScript 2.14 (javascript)
Global properties:
  - sonar.core.id=20161024141655
  - sonar.core.startTime=2016-10-24T14:16:55+0300
  - sonar.core.version=6.0
  - sonar.permission.template.default=default_template
  - sonar.qualitygate=1
Settings for module: org.sonarqube:java-gradle-simple
  - sonar.binaries=D:\development\workspaceIdea\SVN\SonarTest\build\classes\main
  - sonar.host.url=http://localhost:9000
  - sonar.java.binaries=D:\development\workspaceIdea\SVN\SonarTest\build\classes\main
  - sonar.java.libraries=C:\Program Files\Java\jdk1.8.0_65\jre\lib\rt.jar,C:\Program Files\Java\jdk1.8.0_65\jre\lib\ext\jfxrt.jar
  - sonar.java.source=1.8
  - sonar.java.target=1.8
  - sonar.java.test.binaries=D:\development\workspaceIdea\SVN\SonarTest\build\classes\test
  - sonar.java.test.libraries=C:\Users\mykhailo.brodskyi\.gradle\caches\modules-2\files-2.1\junit\junit\4.11\4e031bb61df09069aeb2bffb4019e7a5034a4ee0\junit-4.11.jar,C:\Users\mykhailo.brodskyi\.gradle\caches\modules-2\files-2.1\org.hamcrest\hamcrest-core\1.3\42a25dc3219429f0e5d060061f71acb49bf010a0\hamcrest-core-1.3.jar,C:\Program Files\Java\jdk1.8.0_65\jre\lib\rt.jar,C:\Program Files\Java\jdk1.8.0_65\jre\lib\ext\jfxrt.jar
  - sonar.junit.reportsPath=D:\development\workspaceIdea\SVN\SonarTest\build\test-results
  - sonar.libraries=C:\Program Files\Java\jdk1.8.0_65\jre\lib\rt.jar,C:\Program Files\Java\jdk1.8.0_65\jre\lib\ext\jfxrt.jar
  - sonar.log.level=DEBUG
  - sonar.projectBaseDir=D:\development\workspaceIdea\SVN\SonarTest
  - sonar.projectKey=org.sonarqube:java-gradle-simple
  - sonar.projectName=SonarTest
  - sonar.projectVersion=1.0
  - sonar.sourceEncoding=UTF-8
  - sonar.sources=D:\development\workspaceIdea\SVN\SonarTest\src\main\java
  - sonar.surefire.reportsPath=D:\development\workspaceIdea\SVN\SonarTest\build\test-results
  - sonar.tests=D:\development\workspaceIdea\SVN\SonarTest\src\test\java
  - sonar.verbose=true
  - sonar.working.directory=D:\development\workspaceIdea\SVN\SonarTest\build\sonar
  - sonar.xanitizer.xmlReportFile=D:\development\workspaceIdea\SVN\SonarTest/Xanitizer-Findings-List.xml
  - sonar.xml.file.suffixes=D:/development/workspaceIdea/SVN/SonarTest/Xanitizer-Findings-List.xml
